[21-Jun-2021 21:41:58 UTC] PHP Notice:  Undefined index: host in /var/www/html/wp-includes/canonical.php on line 688
[21-Jun-2021 21:41:58 UTC] PHP Notice:  Undefined index: scheme in /var/www/html/wp-includes/canonical.php on line 720
[21-Jun-2021 21:41:58 UTC] PHP Notice:  Undefined index: host in /var/www/html/wp-includes/canonical.php on line 687
[21-Jun-2021 21:41:58 UTC] PHP Notice:  Undefined index: host in /var/www/html/wp-includes/canonical.php on line 688
[21-Jun-2021 21:41:58 UTC] PHP Notice:  Undefined index: host in /var/www/html/wp-includes/canonical.php on line 696
[21-Jun-2021 21:41:58 UTC] PHP Notice:  Undefined index: host in /var/www/html/wp-includes/canonical.php on line 699
[21-Jun-2021 21:41:58 UTC] PHP Notice:  Undefined index: scheme in /var/www/html/wp-includes/canonical.php on line 720
[21-Jun-2021 21:42:02 UTC] PHP Notice:  Undefined index: host in /var/www/html/wp-includes/http.php on line 423
[21-Jun-2021 21:42:02 UTC] PHP Notice:  Undefined index: host in /var/www/html/wp-includes/http.php on line 424
[21-Jun-2021 21:42:41 UTC] PHP Notice:  Undefined index: host in /var/www/html/wp-includes/theme.php on line 3512
[21-Jun-2021 21:42:42 UTC] PHP Notice:  Undefined index: host in /var/www/html/wp-includes/theme.php on line 3577
[21-Jun-2021 21:42:45 UTC] PHP Notice:  Undefined index: host in /var/www/html/wp-includes/http.php on line 423
[21-Jun-2021 21:42:45 UTC] PHP Notice:  Undefined index: host in /var/www/html/wp-includes/http.php on line 423
[21-Jun-2021 21:42:45 UTC] PHP Notice:  Undefined index: host in /var/www/html/wp-includes/http.php on line 424
[21-Jun-2021 21:42:45 UTC] PHP Notice:  Undefined index: host in /var/www/html/wp-includes/http.php on line 424
[21-Jun-2021 21:42:45 UTC] PHP Notice:  Undefined index: host in /var/www/html/wp-includes/http.php on line 423
[21-Jun-2021 21:42:45 UTC] PHP Notice:  Undefined index: host in /var/www/html/wp-includes/http.php on line 424
[21-Jun-2021 21:43:01 UTC] PHP Notice:  Undefined index: host in /var/www/html/wp-includes/pluggable.php on line 1513
[21-Jun-2021 21:43:01 UTC] PHP Notice:  Undefined index: host in /var/www/html/wp-includes/pluggable.php on line 1515
[21-Jun-2021 21:43:02 UTC] PHP Notice:  Undefined index: host in /var/www/html/wp-includes/pluggable.php on line 1513
[21-Jun-2021 21:43:02 UTC] PHP Notice:  Undefined index: host in /var/www/html/wp-includes/pluggable.php on line 1515
[21-Jun-2021 21:43:04 UTC] PHP Notice:  Undefined index: host in /var/www/html/wp-includes/pluggable.php on line 1513
[21-Jun-2021 21:43:04 UTC] PHP Notice:  Undefined index: host in /var/www/html/wp-includes/pluggable.php on line 1515
[21-Jun-2021 21:43:04 UTC] PHP Notice:  Undefined index: host in /var/www/html/wp-includes/pluggable.php on line 1513
[21-Jun-2021 21:43:04 UTC] PHP Notice:  Undefined index: host in /var/www/html/wp-includes/pluggable.php on line 1515
[21-Jun-2021 21:43:04 UTC] PHP Notice:  Undefined index: host in /var/www/html/wp-includes/pluggable.php on line 1513
[21-Jun-2021 21:43:04 UTC] PHP Notice:  Undefined index: host in /var/www/html/wp-includes/theme.php on line 3512
[21-Jun-2021 21:43:04 UTC] PHP Notice:  Undefined index: host in /var/www/html/wp-includes/theme.php on line 3577
[21-Jun-2021 21:43:06 UTC] PHP Notice:  Undefined index: host in /var/www/html/wp-includes/pluggable.php on line 1513
[21-Jun-2021 21:43:06 UTC] PHP Notice:  Undefined index: host in /var/www/html/wp-includes/pluggable.php on line 1515
[21-Jun-2021 21:43:06 UTC] PHP Notice:  Undefined index: host in /var/www/html/wp-includes/pluggable.php on line 1513
[21-Jun-2021 21:43:06 UTC] PHP Notice:  Undefined index: host in /var/www/html/wp-includes/pluggable.php on line 1515
[21-Jun-2021 21:43:06 UTC] PHP Notice:  Undefined index: host in /var/www/html/wp-includes/pluggable.php on line 1513
[21-Jun-2021 21:43:06 UTC] PHP Notice:  Undefined index: host in /var/www/html/wp-includes/theme.php on line 3512
[21-Jun-2021 21:43:06 UTC] PHP Notice:  Undefined index: host in /var/www/html/wp-includes/theme.php on line 3577
[21-Jun-2021 21:43:07 UTC] PHP Notice:  Undefined index: host in /var/www/html/wp-includes/pluggable.php on line 1513
[21-Jun-2021 21:43:07 UTC] PHP Notice:  Undefined index: host in /var/www/html/wp-includes/pluggable.php on line 1515
[21-Jun-2021 21:43:07 UTC] PHP Notice:  Undefined index: host in /var/www/html/wp-includes/pluggable.php on line 1513
[21-Jun-2021 21:43:07 UTC] PHP Notice:  Undefined index: host in /var/www/html/wp-includes/pluggable.php on line 1515
[21-Jun-2021 21:43:07 UTC] PHP Notice:  Undefined index: host in /var/www/html/wp-includes/pluggable.php on line 1513
[21-Jun-2021 21:43:07 UTC] PHP Notice:  Undefined index: host in /var/www/html/wp-includes/theme.php on line 3512
[21-Jun-2021 21:43:08 UTC] PHP Notice:  Undefined index: host in /var/www/html/wp-includes/theme.php on line 3577
[21-Jun-2021 21:43:09 UTC] PHP Notice:  Undefined index: host in /var/www/html/wp-includes/pluggable.php on line 1513
[21-Jun-2021 21:43:09 UTC] PHP Notice:  Undefined index: host in /var/www/html/wp-includes/pluggable.php on line 1515
[21-Jun-2021 21:43:09 UTC] PHP Notice:  Undefined index: host in /var/www/html/wp-includes/pluggable.php on line 1513
[21-Jun-2021 21:43:09 UTC] PHP Notice:  Undefined index: host in /var/www/html/wp-includes/pluggable.php on line 1515
[21-Jun-2021 21:43:09 UTC] PHP Notice:  Undefined index: host in /var/www/html/wp-includes/pluggable.php on line 1513
[21-Jun-2021 21:43:09 UTC] PHP Notice:  Undefined index: host in /var/www/html/wp-includes/theme.php on line 3512
[21-Jun-2021 21:43:09 UTC] PHP Notice:  Undefined index: host in /var/www/html/wp-includes/theme.php on line 3577
[21-Jun-2021 21:43:10 UTC] PHP Notice:  Undefined index: host in /var/www/html/wp-includes/pluggable.php on line 1513
[21-Jun-2021 21:43:10 UTC] PHP Notice:  Undefined index: host in /var/www/html/wp-includes/pluggable.php on line 1515
[21-Jun-2021 21:43:10 UTC] PHP Notice:  Undefined index: host in /var/www/html/wp-includes/pluggable.php on line 1513
[21-Jun-2021 21:43:10 UTC] PHP Notice:  Undefined index: host in /var/www/html/wp-includes/pluggable.php on line 1515
[21-Jun-2021 21:43:10 UTC] PHP Notice:  Undefined index: host in /var/www/html/wp-includes/pluggable.php on line 1513
[21-Jun-2021 21:43:10 UTC] PHP Notice:  Undefined index: host in /var/www/html/wp-includes/theme.php on line 3512
[21-Jun-2021 21:43:11 UTC] PHP Notice:  Undefined index: host in /var/www/html/wp-includes/theme.php on line 3577
[21-Jun-2021 21:43:11 UTC] PHP Notice:  Undefined index: host in /var/www/html/wp-includes/pluggable.php on line 1513
[21-Jun-2021 21:43:11 UTC] PHP Notice:  Undefined index: host in /var/www/html/wp-includes/pluggable.php on line 1515
[21-Jun-2021 21:43:11 UTC] PHP Notice:  Undefined index: host in /var/www/html/wp-includes/pluggable.php on line 1513
[21-Jun-2021 21:43:11 UTC] PHP Notice:  Undefined index: host in /var/www/html/wp-includes/pluggable.php on line 1515
[21-Jun-2021 21:43:11 UTC] PHP Notice:  Undefined index: host in /var/www/html/wp-includes/pluggable.php on line 1513
[21-Jun-2021 21:43:12 UTC] PHP Notice:  Undefined index: host in /var/www/html/wp-includes/theme.php on line 3512
[21-Jun-2021 21:43:12 UTC] PHP Notice:  Undefined index: host in /var/www/html/wp-includes/theme.php on line 3577
[21-Jun-2021 21:43:13 UTC] PHP Notice:  Undefined index: host in /var/www/html/wp-includes/pluggable.php on line 1513
[21-Jun-2021 21:43:13 UTC] PHP Notice:  Undefined index: host in /var/www/html/wp-includes/pluggable.php on line 1515
[21-Jun-2021 21:43:13 UTC] PHP Notice:  Undefined index: host in /var/www/html/wp-includes/pluggable.php on line 1513
[21-Jun-2021 21:43:13 UTC] PHP Notice:  Undefined index: host in /var/www/html/wp-includes/pluggable.php on line 1515
[21-Jun-2021 21:43:13 UTC] PHP Notice:  Undefined index: host in /var/www/html/wp-includes/pluggable.php on line 1513
[21-Jun-2021 21:43:13 UTC] PHP Notice:  Undefined index: host in /var/www/html/wp-includes/theme.php on line 3512
[21-Jun-2021 21:43:13 UTC] PHP Notice:  Undefined index: host in /var/www/html/wp-includes/theme.php on line 3577
[21-Jun-2021 21:43:14 UTC] PHP Notice:  Undefined index: host in /var/www/html/wp-includes/pluggable.php on line 1513
[21-Jun-2021 21:43:14 UTC] PHP Notice:  Undefined index: host in /var/www/html/wp-includes/pluggable.php on line 1515
[21-Jun-2021 21:43:14 UTC] PHP Notice:  Undefined index: host in /var/www/html/wp-includes/pluggable.php on line 1513
[21-Jun-2021 21:43:14 UTC] PHP Notice:  Undefined index: host in /var/www/html/wp-includes/pluggable.php on line 1515
[21-Jun-2021 21:43:14 UTC] PHP Notice:  Undefined index: host in /var/www/html/wp-includes/pluggable.php on line 1513
[21-Jun-2021 21:43:14 UTC] PHP Notice:  Undefined index: host in /var/www/html/wp-includes/theme.php on line 3512
[21-Jun-2021 21:43:15 UTC] PHP Notice:  Undefined index: host in /var/www/html/wp-includes/theme.php on line 3577
[21-Jun-2021 21:43:15 UTC] PHP Notice:  Undefined index: host in /var/www/html/wp-includes/pluggable.php on line 1513
[21-Jun-2021 21:43:15 UTC] PHP Notice:  Undefined index: host in /var/www/html/wp-includes/pluggable.php on line 1515
[21-Jun-2021 21:43:15 UTC] PHP Notice:  Undefined index: host in /var/www/html/wp-includes/pluggable.php on line 1513
[21-Jun-2021 21:43:15 UTC] PHP Notice:  Undefined index: host in /var/www/html/wp-includes/pluggable.php on line 1515
[21-Jun-2021 21:43:15 UTC] PHP Notice:  Undefined index: host in /var/www/html/wp-includes/pluggable.php on line 1513
[21-Jun-2021 21:43:16 UTC] PHP Notice:  Undefined index: host in /var/www/html/wp-includes/theme.php on line 3512
[21-Jun-2021 21:43:16 UTC] PHP Notice:  Undefined index: host in /var/www/html/wp-includes/theme.php on line 3577
[21-Jun-2021 21:43:17 UTC] PHP Notice:  Undefined index: host in /var/www/html/wp-includes/pluggable.php on line 1513
[21-Jun-2021 21:43:17 UTC] PHP Notice:  Undefined index: host in /var/www/html/wp-includes/pluggable.php on line 1515
[21-Jun-2021 21:43:17 UTC] PHP Notice:  Undefined index: host in /var/www/html/wp-includes/pluggable.php on line 1513
[21-Jun-2021 21:43:17 UTC] PHP Notice:  Undefined index: host in /var/www/html/wp-includes/pluggable.php on line 1515
[21-Jun-2021 21:43:17 UTC] PHP Notice:  Undefined index: host in /var/www/html/wp-includes/pluggable.php on line 1513
[21-Jun-2021 21:43:17 UTC] PHP Notice:  Undefined index: host in /var/www/html/wp-includes/theme.php on line 3512
[21-Jun-2021 21:43:17 UTC] PHP Notice:  Undefined index: host in /var/www/html/wp-includes/theme.php on line 3577
[21-Jun-2021 21:43:18 UTC] PHP Notice:  Undefined index: host in /var/www/html/wp-includes/pluggable.php on line 1513
[21-Jun-2021 21:43:18 UTC] PHP Notice:  Undefined index: host in /var/www/html/wp-includes/pluggable.php on line 1515
[21-Jun-2021 21:43:18 UTC] PHP Notice:  Undefined index: host in /var/www/html/wp-includes/pluggable.php on line 1513
[21-Jun-2021 21:43:18 UTC] PHP Notice:  Undefined index: host in /var/www/html/wp-includes/pluggable.php on line 1515
[21-Jun-2021 21:43:18 UTC] PHP Notice:  Undefined index: host in /var/www/html/wp-includes/pluggable.php on line 1513
[21-Jun-2021 21:43:18 UTC] PHP Notice:  Undefined index: host in /var/www/html/wp-includes/theme.php on line 3512
[21-Jun-2021 21:43:19 UTC] PHP Notice:  Undefined index: host in /var/www/html/wp-includes/theme.php on line 3577
[21-Jun-2021 21:43:20 UTC] PHP Notice:  Undefined index: host in /var/www/html/wp-includes/pluggable.php on line 1513
[21-Jun-2021 21:43:20 UTC] PHP Notice:  Undefined index: host in /var/www/html/wp-includes/pluggable.php on line 1515
[21-Jun-2021 21:43:20 UTC] PHP Notice:  Undefined index: host in /var/www/html/wp-includes/pluggable.php on line 1513
[21-Jun-2021 21:43:20 UTC] PHP Notice:  Undefined index: host in /var/www/html/wp-includes/pluggable.php on line 1515
[21-Jun-2021 21:43:20 UTC] PHP Notice:  Undefined index: host in /var/www/html/wp-includes/pluggable.php on line 1513
[21-Jun-2021 21:43:20 UTC] PHP Notice:  Undefined index: host in /var/www/html/wp-includes/theme.php on line 3512
[21-Jun-2021 21:43:20 UTC] PHP Notice:  Undefined index: host in /var/www/html/wp-includes/theme.php on line 3577
[21-Jun-2021 21:43:21 UTC] PHP Notice:  Undefined index: host in /var/www/html/wp-includes/pluggable.php on line 1513
[21-Jun-2021 21:43:21 UTC] PHP Notice:  Undefined index: host in /var/www/html/wp-includes/pluggable.php on line 1515
[21-Jun-2021 21:43:21 UTC] PHP Notice:  Undefined index: host in /var/www/html/wp-includes/pluggable.php on line 1513
[21-Jun-2021 21:43:21 UTC] PHP Notice:  Undefined index: host in /var/www/html/wp-includes/pluggable.php on line 1515
[21-Jun-2021 21:43:21 UTC] PHP Notice:  Undefined index: host in /var/www/html/wp-includes/pluggable.php on line 1513
[21-Jun-2021 21:43:21 UTC] PHP Notice:  Undefined index: host in /var/www/html/wp-includes/theme.php on line 3512
[21-Jun-2021 21:43:22 UTC] PHP Notice:  Undefined index: host in /var/www/html/wp-includes/theme.php on line 3577
[21-Jun-2021 21:43:23 UTC] PHP Notice:  Undefined index: host in /var/www/html/wp-includes/pluggable.php on line 1513
[21-Jun-2021 21:43:23 UTC] PHP Notice:  Undefined index: host in /var/www/html/wp-includes/pluggable.php on line 1515
[21-Jun-2021 21:43:23 UTC] PHP Notice:  Undefined index: host in /var/www/html/wp-includes/pluggable.php on line 1513
[21-Jun-2021 21:43:23 UTC] PHP Notice:  Undefined index: host in /var/www/html/wp-includes/pluggable.php on line 1515
[21-Jun-2021 21:43:23 UTC] PHP Notice:  Undefined index: host in /var/www/html/wp-includes/pluggable.php on line 1513
[21-Jun-2021 21:43:23 UTC] PHP Notice:  Undefined index: host in /var/www/html/wp-includes/theme.php on line 3512
[21-Jun-2021 21:43:23 UTC] PHP Notice:  Undefined index: host in /var/www/html/wp-includes/theme.php on line 3577
[21-Jun-2021 21:43:24 UTC] PHP Notice:  Undefined index: host in /var/www/html/wp-includes/pluggable.php on line 1513
[21-Jun-2021 21:43:24 UTC] PHP Notice:  Undefined index: host in /var/www/html/wp-includes/pluggable.php on line 1515
[21-Jun-2021 21:43:24 UTC] PHP Notice:  Undefined index: host in /var/www/html/wp-includes/pluggable.php on line 1513
[21-Jun-2021 21:43:24 UTC] PHP Notice:  Undefined index: host in /var/www/html/wp-includes/pluggable.php on line 1515
[21-Jun-2021 21:43:24 UTC] PHP Notice:  Undefined index: host in /var/www/html/wp-includes/pluggable.php on line 1513
[21-Jun-2021 21:43:24 UTC] PHP Notice:  Undefined index: host in /var/www/html/wp-includes/theme.php on line 3512
[21-Jun-2021 21:43:24 UTC] PHP Notice:  Undefined index: host in /var/www/html/wp-includes/theme.php on line 3577
[21-Jun-2021 21:43:25 UTC] PHP Notice:  Undefined index: host in /var/www/html/wp-includes/pluggable.php on line 1513
[21-Jun-2021 21:43:25 UTC] PHP Notice:  Undefined index: host in /var/www/html/wp-includes/pluggable.php on line 1515
[21-Jun-2021 21:43:25 UTC] PHP Notice:  Undefined index: host in /var/www/html/wp-includes/pluggable.php on line 1513
[21-Jun-2021 21:43:25 UTC] PHP Notice:  Undefined index: host in /var/www/html/wp-includes/pluggable.php on line 1515
[21-Jun-2021 21:43:25 UTC] PHP Notice:  Undefined index: host in /var/www/html/wp-includes/pluggable.php on line 1513
[21-Jun-2021 21:43:25 UTC] PHP Notice:  Undefined index: host in /var/www/html/wp-includes/theme.php on line 3512
[21-Jun-2021 21:43:26 UTC] PHP Notice:  Undefined index: host in /var/www/html/wp-includes/theme.php on line 3577
[21-Jun-2021 21:43:27 UTC] PHP Notice:  Undefined index: host in /var/www/html/wp-includes/pluggable.php on line 1513
[21-Jun-2021 21:43:27 UTC] PHP Notice:  Undefined index: host in /var/www/html/wp-includes/pluggable.php on line 1515
[21-Jun-2021 21:43:27 UTC] PHP Notice:  Undefined index: host in /var/www/html/wp-includes/pluggable.php on line 1513
[21-Jun-2021 21:43:27 UTC] PHP Notice:  Undefined index: host in /var/www/html/wp-includes/pluggable.php on line 1515
[21-Jun-2021 21:43:27 UTC] PHP Notice:  Undefined index: host in /var/www/html/wp-includes/pluggable.php on line 1513
[21-Jun-2021 21:43:27 UTC] PHP Notice:  Undefined index: host in /var/www/html/wp-includes/theme.php on line 3512
[21-Jun-2021 21:43:27 UTC] PHP Notice:  Undefined index: host in /var/www/html/wp-includes/theme.php on line 3577
[21-Jun-2021 21:43:28 UTC] PHP Notice:  Undefined index: host in /var/www/html/wp-includes/pluggable.php on line 1513
[21-Jun-2021 21:43:28 UTC] PHP Notice:  Undefined index: host in /var/www/html/wp-includes/pluggable.php on line 1515
[21-Jun-2021 21:43:28 UTC] PHP Notice:  Undefined index: host in /var/www/html/wp-includes/pluggable.php on line 1513
[21-Jun-2021 21:43:28 UTC] PHP Notice:  Undefined index: host in /var/www/html/wp-includes/pluggable.php on line 1515
[21-Jun-2021 21:43:28 UTC] PHP Notice:  Undefined index: host in /var/www/html/wp-includes/pluggable.php on line 1513
[21-Jun-2021 21:43:29 UTC] PHP Notice:  Undefined index: host in /var/www/html/wp-includes/theme.php on line 3512
[21-Jun-2021 21:43:29 UTC] PHP Notice:  Undefined index: host in /var/www/html/wp-includes/theme.php on line 3577
[21-Jun-2021 21:43:31 UTC] PHP Notice:  Undefined index: host in /var/www/html/wp-includes/pluggable.php on line 1513
[21-Jun-2021 21:43:31 UTC] PHP Notice:  Undefined index: host in /var/www/html/wp-includes/pluggable.php on line 1515
[21-Jun-2021 21:43:31 UTC] PHP Notice:  Undefined index: host in /var/www/html/wp-includes/pluggable.php on line 1513
[21-Jun-2021 21:43:31 UTC] PHP Notice:  Undefined index: host in /var/www/html/wp-includes/pluggable.php on line 1515
[21-Jun-2021 21:43:31 UTC] PHP Notice:  Undefined index: host in /var/www/html/wp-includes/pluggable.php on line 1513
[21-Jun-2021 21:43:31 UTC] PHP Notice:  Undefined index: host in /var/www/html/wp-includes/theme.php on line 3512
[21-Jun-2021 21:43:31 UTC] PHP Notice:  Undefined index: host in /var/www/html/wp-includes/theme.php on line 3577
[21-Jun-2021 21:43:32 UTC] PHP Notice:  Undefined index: host in /var/www/html/wp-includes/pluggable.php on line 1513
[21-Jun-2021 21:43:32 UTC] PHP Notice:  Undefined index: host in /var/www/html/wp-includes/pluggable.php on line 1515
[21-Jun-2021 21:43:32 UTC] PHP Notice:  Undefined index: host in /var/www/html/wp-includes/pluggable.php on line 1513
[21-Jun-2021 21:43:32 UTC] PHP Notice:  Undefined index: host in /var/www/html/wp-includes/pluggable.php on line 1515
[21-Jun-2021 21:43:32 UTC] PHP Notice:  Undefined index: host in /var/www/html/wp-includes/pluggable.php on line 1513
[21-Jun-2021 21:43:32 UTC] PHP Notice:  Undefined index: host in /var/www/html/wp-includes/theme.php on line 3512
[21-Jun-2021 21:43:33 UTC] PHP Notice:  Undefined index: host in /var/www/html/wp-includes/theme.php on line 3577
[21-Jun-2021 21:43:34 UTC] PHP Notice:  Undefined index: host in /var/www/html/wp-includes/pluggable.php on line 1513
[21-Jun-2021 21:43:34 UTC] PHP Notice:  Undefined index: host in /var/www/html/wp-includes/pluggable.php on line 1515
[21-Jun-2021 21:43:34 UTC] PHP Notice:  Undefined index: host in /var/www/html/wp-includes/pluggable.php on line 1513
[21-Jun-2021 21:43:34 UTC] PHP Notice:  Undefined index: host in /var/www/html/wp-includes/pluggable.php on line 1515
[21-Jun-2021 21:43:34 UTC] PHP Notice:  Undefined index: host in /var/www/html/wp-includes/pluggable.php on line 1513
[21-Jun-2021 21:43:34 UTC] PHP Notice:  Undefined index: host in /var/www/html/wp-includes/theme.php on line 3512
[21-Jun-2021 21:43:34 UTC] PHP Notice:  Undefined index: host in /var/www/html/wp-includes/theme.php on line 3577
[21-Jun-2021 21:43:35 UTC] PHP Notice:  Undefined index: host in /var/www/html/wp-includes/pluggable.php on line 1513
[21-Jun-2021 21:43:35 UTC] PHP Notice:  Undefined index: host in /var/www/html/wp-includes/pluggable.php on line 1515
[21-Jun-2021 21:43:35 UTC] PHP Notice:  Undefined index: host in /var/www/html/wp-includes/pluggable.php on line 1513
[21-Jun-2021 21:43:35 UTC] PHP Notice:  Undefined index: host in /var/www/html/wp-includes/pluggable.php on line 1515
[21-Jun-2021 21:43:35 UTC] PHP Notice:  Undefined index: host in /var/www/html/wp-includes/pluggable.php on line 1513
[21-Jun-2021 21:43:35 UTC] PHP Notice:  Undefined index: host in /var/www/html/wp-includes/theme.php on line 3512
[21-Jun-2021 21:43:35 UTC] PHP Notice:  Undefined index: host in /var/www/html/wp-includes/theme.php on line 3577
[21-Jun-2021 21:43:36 UTC] PHP Notice:  Undefined index: host in /var/www/html/wp-includes/pluggable.php on line 1513
[21-Jun-2021 21:43:36 UTC] PHP Notice:  Undefined index: host in /var/www/html/wp-includes/pluggable.php on line 1515
[21-Jun-2021 21:43:36 UTC] PHP Notice:  Undefined index: host in /var/www/html/wp-includes/pluggable.php on line 1513
[21-Jun-2021 21:43:36 UTC] PHP Notice:  Undefined index: host in /var/www/html/wp-includes/pluggable.php on line 1515
[21-Jun-2021 21:43:36 UTC] PHP Notice:  Undefined index: host in /var/www/html/wp-includes/pluggable.php on line 1513
[21-Jun-2021 21:43:36 UTC] PHP Notice:  Undefined index: host in /var/www/html/wp-includes/theme.php on line 3512
[21-Jun-2021 21:43:37 UTC] PHP Notice:  Undefined index: host in /var/www/html/wp-includes/theme.php on line 3577
[21-Jun-2021 21:43:37 UTC] PHP Notice:  Undefined index: host in /var/www/html/wp-includes/pluggable.php on line 1513
[21-Jun-2021 21:43:37 UTC] PHP Notice:  Undefined index: host in /var/www/html/wp-includes/pluggable.php on line 1515
[21-Jun-2021 21:43:37 UTC] PHP Notice:  Undefined index: host in /var/www/html/wp-includes/pluggable.php on line 1513
[21-Jun-2021 21:43:37 UTC] PHP Notice:  Undefined index: host in /var/www/html/wp-includes/pluggable.php on line 1515
[21-Jun-2021 21:43:37 UTC] PHP Notice:  Undefined index: host in /var/www/html/wp-includes/pluggable.php on line 1513
[21-Jun-2021 21:43:38 UTC] PHP Notice:  Undefined index: host in /var/www/html/wp-includes/theme.php on line 3512
[21-Jun-2021 21:43:38 UTC] PHP Notice:  Undefined index: host in /var/www/html/wp-includes/theme.php on line 3577
[21-Jun-2021 21:43:39 UTC] PHP Notice:  Undefined index: host in /var/www/html/wp-includes/pluggable.php on line 1513
[21-Jun-2021 21:43:39 UTC] PHP Notice:  Undefined index: host in /var/www/html/wp-includes/pluggable.php on line 1515
[21-Jun-2021 21:43:39 UTC] PHP Notice:  Undefined index: host in /var/www/html/wp-includes/pluggable.php on line 1513
[21-Jun-2021 21:43:39 UTC] PHP Notice:  Undefined index: host in /var/www/html/wp-includes/pluggable.php on line 1515
[21-Jun-2021 21:43:39 UTC] PHP Notice:  Undefined index: host in /var/www/html/wp-includes/pluggable.php on line 1513
[21-Jun-2021 21:43:39 UTC] PHP Notice:  Undefined index: host in /var/www/html/wp-includes/theme.php on line 3512
[21-Jun-2021 21:43:39 UTC] PHP Notice:  Undefined index: host in /var/www/html/wp-includes/theme.php on line 3577
[21-Jun-2021 21:43:40 UTC] PHP Notice:  Undefined index: host in /var/www/html/wp-includes/pluggable.php on line 1513
[21-Jun-2021 21:43:40 UTC] PHP Notice:  Undefined index: host in /var/www/html/wp-includes/pluggable.php on line 1515
[21-Jun-2021 21:43:40 UTC] PHP Notice:  Undefined index: host in /var/www/html/wp-includes/pluggable.php on line 1513
[21-Jun-2021 21:43:40 UTC] PHP Notice:  Undefined index: host in /var/www/html/wp-includes/pluggable.php on line 1515
[21-Jun-2021 21:43:40 UTC] PHP Notice:  Undefined index: host in /var/www/html/wp-includes/pluggable.php on line 1513
[21-Jun-2021 21:43:40 UTC] PHP Notice:  Undefined index: host in /var/www/html/wp-includes/theme.php on line 3512
[21-Jun-2021 21:43:41 UTC] PHP Notice:  Undefined index: host in /var/www/html/wp-includes/theme.php on line 3577
[21-Jun-2021 21:43:42 UTC] PHP Notice:  Undefined index: host in /var/www/html/wp-includes/pluggable.php on line 1513
[21-Jun-2021 21:43:42 UTC] PHP Notice:  Undefined index: host in /var/www/html/wp-includes/pluggable.php on line 1515
[21-Jun-2021 21:43:42 UTC] PHP Notice:  Undefined index: host in /var/www/html/wp-includes/pluggable.php on line 1513
[21-Jun-2021 21:43:42 UTC] PHP Notice:  Undefined index: host in /var/www/html/wp-includes/pluggable.php on line 1515
[21-Jun-2021 21:43:42 UTC] PHP Notice:  Undefined index: host in /var/www/html/wp-includes/pluggable.php on line 1513
[21-Jun-2021 21:43:42 UTC] PHP Notice:  Undefined index: host in /var/www/html/wp-includes/theme.php on line 3512
[21-Jun-2021 21:43:42 UTC] PHP Notice:  Undefined index: host in /var/www/html/wp-includes/theme.php on line 3577
[21-Jun-2021 21:43:43 UTC] PHP Notice:  Undefined index: host in /var/www/html/wp-includes/canonical.php on line 688
[21-Jun-2021 21:43:43 UTC] PHP Notice:  Undefined index: scheme in /var/www/html/wp-includes/canonical.php on line 720
[21-Jun-2021 21:43:43 UTC] PHP Notice:  Undefined index: host in /var/www/html/wp-includes/canonical.php on line 687
[21-Jun-2021 21:43:43 UTC] PHP Notice:  Undefined index: host in /var/www/html/wp-includes/canonical.php on line 688
[21-Jun-2021 21:43:43 UTC] PHP Notice:  Undefined index: host in /var/www/html/wp-includes/canonical.php on line 696
[21-Jun-2021 21:43:43 UTC] PHP Notice:  Undefined index: host in /var/www/html/wp-includes/canonical.php on line 699
[21-Jun-2021 21:43:43 UTC] PHP Notice:  Undefined index: scheme in /var/www/html/wp-includes/canonical.php on line 720
[21-Jun-2021 21:43:48 UTC] PHP Notice:  Undefined index: host in /var/www/html/wp-includes/theme.php on line 3512
[21-Jun-2021 21:43:48 UTC] PHP Notice:  Undefined index: host in /var/www/html/wp-includes/theme.php on line 3577
[21-Jun-2021 21:43:50 UTC] PHP Notice:  Undefined index: host in /var/www/html/wp-includes/http.php on line 423
[21-Jun-2021 21:43:50 UTC] PHP Notice:  Undefined index: host in /var/www/html/wp-includes/http.php on line 424
[21-Jun-2021 21:43:50 UTC] PHP Notice:  Undefined index: host in /var/www/html/wp-includes/http.php on line 423
[21-Jun-2021 21:43:50 UTC] PHP Notice:  Undefined index: host in /var/www/html/wp-includes/http.php on line 424
[21-Jun-2021 21:44:50 UTC] PHP Notice:  Undefined index: host in /var/www/html/wp-includes/http.php on line 423
[21-Jun-2021 21:44:50 UTC] PHP Notice:  Undefined index: host in /var/www/html/wp-includes/http.php on line 424
[21-Jun-2021 21:45:52 UTC] PHP Notice:  Undefined index: host in /var/www/html/wp-includes/http.php on line 423
[21-Jun-2021 21:45:52 UTC] PHP Notice:  Undefined index: host in /var/www/html/wp-includes/http.php on line 424
[21-Jun-2021 21:47:52 UTC] PHP Notice:  Undefined index: host in /var/www/html/wp-includes/http.php on line 423
[21-Jun-2021 21:47:52 UTC] PHP Notice:  Undefined index: host in /var/www/html/wp-includes/http.php on line 424
[21-Jun-2021 22:00:11 UTC] PHP Notice:  Undefined index: host in /var/www/html/wp-includes/canonical.php on line 688
[21-Jun-2021 22:00:11 UTC] PHP Notice:  Undefined index: scheme in /var/www/html/wp-includes/canonical.php on line 720
[21-Jun-2021 22:00:11 UTC] PHP Notice:  Undefined index: host in /var/www/html/wp-includes/canonical.php on line 687
[21-Jun-2021 22:00:11 UTC] PHP Notice:  Undefined index: host in /var/www/html/wp-includes/canonical.php on line 688
[21-Jun-2021 22:00:11 UTC] PHP Notice:  Undefined index: host in /var/www/html/wp-includes/canonical.php on line 696
[21-Jun-2021 22:00:11 UTC] PHP Notice:  Undefined index: host in /var/www/html/wp-includes/canonical.php on line 699
[21-Jun-2021 22:00:11 UTC] PHP Notice:  Undefined index: scheme in /var/www/html/wp-includes/canonical.php on line 720
[21-Jun-2021 22:00:11 UTC] PHP Notice:  Undefined index: host in /var/www/html/wp-includes/theme.php on line 3577
[21-Jun-2021 22:00:15 UTC] PHP Notice:  Undefined index: host in /var/www/html/wp-includes/http.php on line 423
[21-Jun-2021 22:00:15 UTC] PHP Notice:  Undefined index: host in /var/www/html/wp-includes/http.php on line 424
[21-Jun-2021 22:18:54 UTC] PHP Notice:  Undefined index: host in /var/www/html/wp-includes/canonical.php on line 688
[21-Jun-2021 22:18:54 UTC] PHP Notice:  Undefined index: scheme in /var/www/html/wp-includes/canonical.php on line 720
[21-Jun-2021 22:18:54 UTC] PHP Notice:  Undefined index: host in /var/www/html/wp-includes/canonical.php on line 687
[21-Jun-2021 22:18:54 UTC] PHP Notice:  Undefined index: host in /var/www/html/wp-includes/canonical.php on line 688
[21-Jun-2021 22:18:54 UTC] PHP Notice:  Undefined index: host in /var/www/html/wp-includes/canonical.php on line 696
[21-Jun-2021 22:18:54 UTC] PHP Notice:  Undefined index: host in /var/www/html/wp-includes/canonical.php on line 699
[21-Jun-2021 22:18:54 UTC] PHP Notice:  Undefined index: scheme in /var/www/html/wp-includes/canonical.php on line 720
[21-Jun-2021 22:18:54 UTC] PHP Notice:  Undefined index: host in /var/www/html/wp-includes/theme.php on line 3577
[21-Jun-2021 22:18:59 UTC] PHP Notice:  Undefined index: host in /var/www/html/wp-includes/http.php on line 423
[21-Jun-2021 22:18:59 UTC] PHP Notice:  Undefined index: host in /var/www/html/wp-includes/http.php on line 424
[22-Jun-2021 22:04:05 UTC] PHP Notice:  Undefined index: host in /var/www/html/wp-includes/canonical.php on line 688
[22-Jun-2021 22:04:05 UTC] PHP Notice:  Undefined index: scheme in /var/www/html/wp-includes/canonical.php on line 720
[22-Jun-2021 22:04:05 UTC] PHP Notice:  Undefined index: host in /var/www/html/wp-includes/canonical.php on line 687
[22-Jun-2021 22:04:05 UTC] PHP Notice:  Undefined index: host in /var/www/html/wp-includes/canonical.php on line 688
[22-Jun-2021 22:04:05 UTC] PHP Notice:  Undefined index: host in /var/www/html/wp-includes/canonical.php on line 696
[22-Jun-2021 22:04:05 UTC] PHP Notice:  Undefined index: host in /var/www/html/wp-includes/canonical.php on line 699
[22-Jun-2021 22:04:05 UTC] PHP Notice:  Undefined index: scheme in /var/www/html/wp-includes/canonical.php on line 720
[22-Jun-2021 22:04:07 UTC] PHP Notice:  Undefined index: host in /var/www/html/wp-includes/theme.php on line 3577
[22-Jun-2021 22:04:19 UTC] PHP Notice:  Undefined index: host in /var/www/html/wp-includes/http.php on line 423
[22-Jun-2021 22:04:19 UTC] PHP Notice:  Undefined index: host in /var/www/html/wp-includes/http.php on line 424
